<?xml version="1.0" encoding="UTF-8"?>
<!-- Generated by org.testng.reporters.JUnitReportReporter -->
<testsuite hostname="Ishika_PC" failures="0" tests="1" name="TestRunner.TestRunner" time="4.762" errors="0" timestamp="2024-10-18T20:42:23 IST" skipped="0">
  <testcase classname="TestRunner.TestRunner" name="runScenario" time="4.762"/>
  <system-out/>
</testsuite> <!-- TestRunner.TestRunner -->
